<?xml version="1.0" encoding="UTF-8"?>
<testsuite name="XTEATest" tests="10" skipped="0" failures="0" errors="0" timestamp="2024-04-28T17:51:19" hostname="Dashas-MacBook-Pro.local" time="0.04">
  <properties/>
  <testcase name="decipherThrowExceptionWhenLengthOfArrayToDecipherNotDivisibleBy4()" classname="XTEATest" time="0.011"/>
  <testcase name="decipherThrowExceptionWhenLengthOfArrayToDecipherDivisibleBy8()" classname="XTEATest" time="0.001"/>
  <testcase name="constructorShouldThrowExceptionOnNullKey()" classname="XTEATest" time="0.001"/>
  <testcase name="constructorShouldThrowExceptionOnKeyWithLengthNot16()" classname="XTEATest" time="0.002"/>
  <testcase name="encipherThrowExceptionOnEmptyString()" classname="XTEATest" time="0.001"/>
  <testcase name="decipherThrowExceptionWhenPassEmptyData()" classname="XTEATest" time="0.001"/>
  <testcase name="decipherOfEncipherResultShouldBeEqualsToOriginalString()" classname="XTEATest" time="0.016"/>
  <testcase name="encipherThrowExceptionOnBlankString()" classname="XTEATest" time="0.001"/>
  <testcase name="encipherThrowExceptionOnNullString()" classname="XTEATest" time="0.001"/>
  <testcase name="constructorShouldNotThrowExceptionOnKeyWithLength16()" classname="XTEATest" time="0.001"/>
  <system-out><![CDATA[]]></system-out>
  <system-err><![CDATA[]]></system-err>
</testsuite>
