<?xml version="1.0" encoding="UTF-8"?>
<testsuite name="MD5Test" tests="4" skipped="0" failures="0" errors="0" timestamp="2024-04-28T17:50:48" hostname="Dashas-MacBook-Pro.local" time="0.069">
  <properties/>
  <testcase name="MD5computeShouldReturnSameResultAsLibImpl()" classname="MD5Test" time="0.062"/>
  <testcase name="hashesShouldNotBeTheSameForSlightlyDifferentStrings()" classname="MD5Test" time="0.001"/>
  <testcase name="emptyStringShouldReturnRightHash()" classname="MD5Test" time="0.0"/>
  <testcase name="nullStringShouldThrowException()" classname="MD5Test" time="0.003"/>
  <system-out><![CDATA[]]></system-out>
  <system-err><![CDATA[]]></system-err>
</testsuite>
